<?xml version="1.0" encoding="UTF-8"?>
<!-- Generated by org.testng.reporters.JUnitXMLReporter -->
<testsuite hostname="DRN" ignored="0" name="Regression1" tests="1" failures="1" timestamp="14 Jun 2018 19:24:15 GMT" time="0.331" errors="0">
  <testcase name="Testcase1" time="0.326" classname="executionEngine.RunTestNG1">
    <failure type="java.lang.NullPointerException">
      <![CDATA[java.lang.NullPointerException
	at support.Keyword.getscreenshot(Keyword.java:887)
	at support.ExecuteTestcase.execute_Actions(ExecuteTestcase.java:104)
	at support.ExecuteTestcase.execute_TestCase(ExecuteTestcase.java:67)
	at executionEngine.RunTestNG1.Testcase1(RunTestNG1.java:37)
... Removed 25 stack frames]]>
    </failure>
  </testcase> <!-- Testcase1 -->
</testsuite> <!-- Regression1 -->
