<?xml version="1.0" encoding="UTF-8"?>
<!-- Generated by org.testng.reporters.JUnitXMLReporter -->
<testsuite hostname="DRN" ignored="0" name="Regression" tests="2" failures="2" timestamp="14 Jun 2018 19:24:43 GMT" time="1.605" errors="0">
  <testcase name="Testcase1" time="1.24" classname="executionEngine.RunTestNG">
    <failure type="java.lang.NullPointerException">
      <![CDATA[java.lang.NullPointerException
	at support.Keyword.getscreenshot(Keyword.java:887)
	at support.ExecuteTestcase.execute_Actions(ExecuteTestcase.java:104)
	at support.ExecuteTestcase.execute_TestCase(ExecuteTestcase.java:67)
	at executionEngine.RunTestNG.Testcase1(RunTestNG.java:37)
... Removed 25 stack frames]]>
    </failure>
  </testcase> <!-- Testcase1 -->
  <testcase name="Testcase1" time="0.337" classname="executionEngine.RunTestNG1">
    <failure type="java.lang.NullPointerException">
      <![CDATA[java.lang.NullPointerException
	at support.Keyword.getscreenshot(Keyword.java:887)
	at support.ExecuteTestcase.execute_Actions(ExecuteTestcase.java:104)
	at support.ExecuteTestcase.execute_TestCase(ExecuteTestcase.java:67)
	at executionEngine.RunTestNG1.Testcase1(RunTestNG1.java:37)
... Removed 25 stack frames]]>
    </failure>
  </testcase> <!-- Testcase1 -->
</testsuite> <!-- Regression -->
